::1 - - [05/May/2021:19:53:22 +0000] "GET / HTTP/1.1" 200 24 "-" "PostmanRuntime/7.26.10"
::1 - - [05/May/2021:19:56:54 +0000] "GET /api/v1/actors HTTP/1.1" 500 66 "-" "PostmanRuntime/7.26.10"
::1 - - [05/May/2021:20:03:03 +0000] "GET /api/v1/actors HTTP/1.1" 200 426 "-" "PostmanRuntime/7.26.10"
::1 - - [05/May/2021:20:03:42 +0000] "GET /api/v1/directors HTTP/1.1" 200 2 "-" "PostmanRuntime/7.26.10"
::1 - - [05/May/2021:22:09:05 +0000] "GET /api/v1/actors HTTP/1.1" 200 426 "-" "PostmanRuntime/7.26.10"
::1 - - [06/May/2021:03:29:59 +0000] "GET /api/v1/actors HTTP/1.1" 200 426 "-" "Mozilla/5.0 (Windows NT 10.0; Win64; x64) AppleWebKit/537.36 (KHTML, like Gecko) Code/1.55.2 Chrome/87.0.4280.141 Electron/11.3.0 Safari/537.36"
::1 - - [06/May/2021:03:30:43 +0000] "GET /api/v1/actors HTTP/1.1" 200 426 "-" "PostmanRuntime/7.28.0"
::1 - - [06/May/2021:03:30:56 +0000] "GET /api/v1/actors/2 HTTP/1.1" 500 16 "-" "PostmanRuntime/7.28.0"
::1 - - [06/May/2021:03:32:52 +0000] "GET /api/v1/actors/2 HTTP/1.1" 200 212 "-" "PostmanRuntime/7.28.0"
::1 - - [06/May/2021:03:33:01 +0000] "GET /api/v1/actors/1 HTTP/1.1" 200 211 "-" "PostmanRuntime/7.28.0"
::1 - - [06/May/2021:03:33:27 +0000] "GET /api/v1/actors HTTP/1.1" 200 426 "-" "Mozilla/5.0 (Windows NT 10.0; Win64; x64) AppleWebKit/537.36 (KHTML, like Gecko) Code/1.55.2 Chrome/87.0.4280.141 Electron/11.3.0 Safari/537.36"
::1 - - [06/May/2021:03:39:39 +0000] "POST /api/v1/actors?first_name=sandra&last_name=rodriguez&email=sandraroo@gmail.com&password=1597856&reset_token=iheirhei HTTP/1.1" 500 16 "-" "PostmanRuntime/7.28.0"
::1 - - [06/May/2021:14:04:27 +0000] "POST /api/v1/actors HTTP/1.1" 500 16 "-" "PostmanRuntime/7.28.0"
::1 - - [06/May/2021:14:04:27 +0000] "GET /api/v1/actors HTTP/1.1" 200 426 "-" "PostmanRuntime/7.28.0"
::1 - - [06/May/2021:14:04:54 +0000] "GET /api/v1/actors HTTP/1.1" 200 426 "-" "PostmanRuntime/7.28.0"
::1 - - [06/May/2021:14:05:00 +0000] "GET /api/v1/actors/1 HTTP/1.1" 200 211 "-" "PostmanRuntime/7.28.0"
::1 - - [06/May/2021:14:32:06 +0000] "GET /api/v1/actors HTTP/1.1" 200 426 "-" "insomnia/2021.3.0"
::1 - - [06/May/2021:14:34:43 +0000] "POST /api/v1/actors HTTP/1.1" 200 184 "-" "insomnia/2021.3.0"
::1 - - [06/May/2021:14:35:09 +0000] "GET /api/v1/actors HTTP/1.1" 200 611 "-" "insomnia/2021.3.0"
::1 - - [06/May/2021:14:35:47 +0000] "POST /api/v1/actors HTTP/1.1" 200 184 "-" "insomnia/2021.3.0"
::1 - - [06/May/2021:14:48:16 +0000] "GET /api/v1/actors HTTP/1.1" 200 1065 "-" "insomnia/2021.3.0"
::1 - - [06/May/2021:14:48:28 +0000] "GET /api/v1/actors/3 HTTP/1.1" 200 210 "-" "insomnia/2021.3.0"
::1 - - [06/May/2021:14:52:13 +0000] "GET /api/v1/users HTTP/1.1" 500 16 "-" "insomnia/2021.3.0"
::1 - - [06/May/2021:14:55:53 +0000] "GET /api/v1/users HTTP/1.1" 200 2 "-" "insomnia/2021.3.0"
